<?xml version="1.0" encoding="UTF-8"?>
<testsuite xmlns:xsi="http://www.w3.org/2001/XMLSchema-instance" xsi:noNamespaceSchemaLocation="https://maven.apache.org/surefire/maven-surefire-plugin/xsd/surefire-test-report.xsd" version="3.0.2" name="com.ShauzabMomDadAlinaAriza.ShauzabPresentFamily.ShauzabPresentFamilyApplicationTests" time="4.026" tests="1" errors="0" skipped="0" failures="0">
  <properties>
[...]
</properties>
  <testcase name="contextLoads" classname="com.ShauzabMomDadAlinaAriza.ShauzabPresentFamily.ShauzabPresentFamilyApplicationTests" time="1.015">
    <system-out><![CDATA[21:47:58.542 [main] INFO org.springframework.test.context.support.AnnotationConfigContextLoaderUtils -- Could not detect default configuration classes for test class [com.ShauzabMomDadAlinaAriza.ShauzabPresentFamily.ShauzabPresentFamilyApplicationTests]: ShauzabPresentFamilyApplicationTests does not declare any static, non-private, non-final, nested classes annotated with @Configuration.
21:47:58.736 [main] INFO org.springframework.boot.test.context.SpringBootTestContextBootstrapper -- Found @SpringBootConfiguration com.ShauzabMomDadAlinaAriza.ShauzabPresentFamily.ShauzabPresentFamilyApplication for test class com.ShauzabMomDadAlinaAriza.ShauzabPresentFamily.ShauzabPresentFamilyApplicationTests

  .   ____          _            __ _ _
 /\\ / ___'_ __ _ _(_)_ __  __ _ \ \ \ \
( ( )\___ | '_ | '_| | '_ \/ _` | \ \ \ \
 \\/  ___)| |_)| | | | | || (_| |  ) ) ) )
  '  |____| .__|_| |_|_| |_\__, | / / / /
 =========|_|==============|___/=/_/_/_/

 :: Spring Boot ::                (v3.5.5)

2025-08-30T21:47:59.662+05:30  INFO 11536 --- [           main] S.S.ShauzabPresentFamilyApplicationTests : Starting ShauzabPresentFamilyApplicationTests using Java 22.0.2 with PID 11536 (started by shauz in C:\Users\shauz\Downloads\ShauzabPresentFamily\ShauzabPresentFamily)
2025-08-30T21:47:59.664+05:30  INFO 11536 --- [           main] S.S.ShauzabPresentFamilyApplicationTests : No active profile set, falling back to 1 default profile: "default"
2025-08-30T21:48:01.349+05:30  INFO 11536 --- [           main] S.S.ShauzabPresentFamilyApplicationTests : Started ShauzabPresentFamilyApplicationTests in 2.152 seconds (process running for 3.663)
]]></system-out>
    <system-err><![CDATA[Mockito is currently self-attaching to enable the inline-mock-maker. This will no longer work in future releases of the JDK. Please add Mockito as an agent to your build as described in Mockito's documentation: https://javadoc.io/doc/org.mockito/mockito-core/latest/org.mockito/org/mockito/Mockito.html#0.3
WARNING: A Java agent has been loaded dynamically (C:\Users\shauz\.m2\repository\net\bytebuddy\byte-buddy-agent\1.17.7\byte-buddy-agent-1.17.7.jar)
WARNING: If a serviceability tool is in use, please run with -XX:+EnableDynamicAgentLoading to hide this warning
WARNING: If a serviceability tool is not in use, please run with -Djdk.instrument.traceUsage for more information
WARNING: Dynamic loading of agents will be disallowed by default in a future release
]]></system-err>
  </testcase>
</testsuite>